app/build/intermediates/proguard-rules/release/aapt_rules.txt
# view res/layout/design_bottom_navigation_item.xml #generated:26
-keep class android.support.design.internal.BaselineLayout { <init>(...); }

# view res/layout/design_navigation_item.xml #generated:17
-keep class android.support.design.internal.NavigationMenuItemView { <init>(...); }

# view res/layout/design_navigation_menu.xml #generated:17
-keep class android.support.design.internal.NavigationMenuView { <init>(...); }

# view res/layout/design_text_input_password_icon.xml #generated:18
-keep class android.support.design.widget.CheckableImageButton { <init>(...); }

# view res/layout/design_bottom_sheet_dialog.xml #generated:17
-keep class android.support.design.widget.CoordinatorLayout { <init>(...); }

# view res/layout/design_layout_snackbar.xml #generated:18
# view sw600dp-v13/res/layout-sw600dp-v13/design_layout_snackbar.xml #generated:18
-keep class android.support.design.widget.Snackbar$SnackbarLayout { <init>(...); }

# view res/layout/fra_dialog_setting.xml #generated:9
-keep class android.support.design.widget.TabLayout { <init>(...); }

# view res/layout/dialog_edit.xml #generated:7
# view res/layout/dialog_enter_pass.xml #generated:8
# view res/layout/fra_change_password.xml #generated:46
# view res/layout/fra_change_password.xml #generated:60
-keep class android.support.design.widget.TextInputLayout { <init>(...); }

# view res/layout/abc_alert_dialog_material.xml #generated:75
-keep class android.support.v4.widget.NestedScrollView { <init>(...); }

# view res/layout/abc_alert_dialog_button_bar_material.xml #generated:39
-keep class android.support.v4.widget.Space { <init>(...); }

# view res/layout/act_device_add.xml #generated:39
# view res/layout/fra_device.xml #generated:37
-keep class android.support.v4.widget.SwipeRefreshLayout { <init>(...); }

# view res/layout/abc_action_menu_item_layout.xml #generated:17
-keep class android.support.v7.view.menu.ActionMenuItemView { <init>(...); }

# view res/layout/abc_expanded_menu_layout.xml #generated:17
-keep class android.support.v7.view.menu.ExpandedMenuView { <init>(...); }

# view res/layout/abc_list_menu_item_layout.xml #generated:17
# view res/layout/abc_popup_menu_item_layout.xml #generated:17
-keep class android.support.v7.view.menu.ListMenuItemView { <init>(...); }

# view res/layout/abc_screen_toolbar.xml #generated:27
-keep class android.support.v7.widget.ActionBarContainer { <init>(...); }

# view res/layout/abc_action_mode_bar.xml #generated:19
# view res/layout/abc_screen_toolbar.xml #generated:43
-keep class android.support.v7.widget.ActionBarContextView { <init>(...); }

# view res/layout/abc_screen_toolbar.xml #generated:17
-keep class android.support.v7.widget.ActionBarOverlayLayout { <init>(...); }

# view res/layout/abc_action_menu_layout.xml #generated:17
-keep class android.support.v7.widget.ActionMenuView { <init>(...); }

# view res/layout/abc_activity_chooser_view.xml #generated:19
-keep class android.support.v7.widget.ActivityChooserView$InnerLayout { <init>(...); }

# view res/layout/abc_alert_dialog_button_bar_material.xml #generated:18
-keep class android.support.v7.widget.ButtonBarLayout { <init>(...); }

# view res/layout/abc_screen_content_include.xml #generated:19
-keep class android.support.v7.widget.ContentFrameLayout { <init>(...); }

# view res/layout/abc_alert_dialog_material.xml #generated:48
-keep class android.support.v7.widget.DialogTitle { <init>(...); }

# view res/layout/abc_screen_simple_overlay_action_mode.xml #generated:23
-keep class android.support.v7.widget.FitWindowsFrameLayout { <init>(...); }

# view res/layout/abc_dialog_title_material.xml #generated:22
# view res/layout/abc_screen_simple.xml #generated:17
-keep class android.support.v7.widget.FitWindowsLinearLayout { <init>(...); }

# view res/layout/act_device_add.xml #generated:45
# view res/layout/fra_device.xml #generated:43
# view res/layout/fra_dialog_setting.xml #generated:24
# view res/layout/fra_dialog_setting.xml #generated:31
-keep class android.support.v7.widget.RecyclerView { <init>(...); }

# view res/layout/abc_search_view.xml #generated:75
-keep class android.support.v7.widget.SearchView$SearchAutoComplete { <init>(...); }

# view res/layout/abc_screen_toolbar.xml #generated:36
# view res/layout/fra_home.xml #generated:10
# view res/layout/fra_hudong.xml #generated:10
-keep class android.support.v7.widget.Toolbar { <init>(...); }

# view res/layout/abc_screen_simple.xml #generated:25
# view res/layout/abc_screen_simple_overlay_action_mode.xml #generated:32
-keep class android.support.v7.widget.ViewStubCompat { <init>(...); }

# view res/layout/swipeback_layout.xml #generated:2
-keep class com.brioal.baselib.swipeback.SwipeBackLayout { <init>(...); }

# view res/layout/act_main.xml #generated:18
-keep class com.brioal.bottomtab.view.BottomLayout { <init>(...); }

# view AndroidManifest.xml #generated:37
-keep class com.brioal.cman.MainActivity { <init>(...); }

# view AndroidManifest.xml #generated:47
-keep class com.brioal.cman.Ui.DeviceDetailActivity { <init>(...); }

# view AndroidManifest.xml #generated:53
-keep class com.brioal.cman.activity.DeviceAddActivity { <init>(...); }

# view AndroidManifest.xml #generated:30
-keep class com.brioal.cman.util.ApplicationUtil { <init>(...); }

# view res/layout/fra_dialog_setting.xml #generated:19
-keep class com.brioal.cman.view.HorizontalScroll { <init>(...); }

# view res/layout/act_device_detail.xml #generated:63
# view res/layout/act_device_detail.xml #generated:70
# view res/layout/act_device_detail.xml #generated:78
-keep class com.brioal.drawableview.LoadingView { <init>(...); }

# view res/layout/fra_envir_setting.xml #generated:62
# view res/layout/fra_envir_setting.xml #generated:88
-keep class com.brioal.seekbar.RangeBar { <init>(...); }