app/build/outputs/mapping/release/seeds.txt
com.brioal.cman.MainActivity
com.brioal.cman.MainActivity: com.brioal.bottomtab.view.BottomLayout mBottomLayout
com.brioal.cman.MainActivity: MainActivity()
com.brioal.cman.MainActivity$$ViewBinder
com.brioal.cman.MainActivity$$ViewBinder: MainActivity$$ViewBinder()
com.brioal.cman.MainActivity$$ViewBinder: void bind(butterknife.ButterKnife$Finder,com.brioal.cman.MainActivity,java.lang.Object)
com.brioal.cman.MainActivity$$ViewBinder: void unbind(com.brioal.cman.MainActivity)
com.brioal.cman.MainActivity$$ViewBinder: void unbind(java.lang.Object)
com.brioal.cman.MainActivity$$ViewBinder: void bind(butterknife.ButterKnife$Finder,java.lang.Object,java.lang.Object)
com.brioal.cman.R$anim: int abc_fade_in
com.brioal.cman.R$anim: int abc_fade_out
com.brioal.cman.R$anim: int abc_grow_fade_in_from_bottom
com.brioal.cman.R$anim: int abc_popup_enter
com.brioal.cman.R$anim: int abc_popup_exit
com.brioal.cman.R$anim: int abc_shrink_fade_out_from_bottom
com.brioal.cman.R$anim: int abc_slide_in_bottom
com.brioal.cman.R$anim: int abc_slide_in_top
com.brioal.cman.R$anim: int abc_slide_out_bottom
com.brioal.cman.R$anim: int abc_slide_out_top
com.brioal.cman.R$anim: int anim_in_bottom
com.brioal.cman.R$anim: int anim_out_bottom
com.brioal.cman.R$anim: int design_appbar_state_list_animator
com.brioal.cman.R$anim: int design_bottom_sheet_slide_in
com.brioal.cman.R$anim: int design_bottom_sheet_slide_out
com.brioal.cman.R$anim: int design_fab_in
com.brioal.cman.R$anim: int design_fab_out
com.brioal.cman.R$anim: int design_snackbar_in
com.brioal.cman.R$anim: int design_snackbar_out
com.brioal.cman.R$attr: int SwipeBackLayoutStyle
com.brioal.cman.R$attr: int actionBarDivider
com.brioal.cman.R$attr: int actionBarItemBackground
com.brioal.cman.R$attr: int actionBarPopupTheme
com.brioal.cman.R$attr: int actionBarSize
com.brioal.cman.R$attr: int actionBarSplitStyle
com.brioal.cman.R$attr: int actionBarStyle
com.brioal.cman.R$attr: int actionBarTabBarStyle
com.brioal.cman.R$attr: int actionBarTabStyle
com.brioal.cman.R$attr: int actionBarTabTextStyle
com.brioal.cman.R$attr: int actionBarTheme
com.brioal.cman.R$attr: int actionBarWidgetTheme
com.brioal.cman.R$attr: int actionButtonStyle
com.brioal.cman.R$attr: int actionDropDownStyle
com.brioal.cman.R$attr: int actionLayout
com.brioal.cman.R$attr: int actionMenuTextAppearance
com.brioal.cman.R$attr: int actionMenuTextColor
com.brioal.cman.R$attr: int actionModeBackground
com.brioal.cman.R$attr: int actionModeCloseButtonStyle
com.brioal.cman.R$attr: int actionModeCloseDrawable
com.brioal.cman.R$attr: int actionModeCopyDrawable
com.brioal.cman.R$attr: int actionModeCutDrawable
com.brioal.cman.R$attr: int actionModeFindDrawable
com.brioal.cman.R$attr: int actionModePasteDrawable
com.brioal.cman.R$attr: int actionModePopupWindowStyle
com.brioal.cman.R$attr: int actionModeSelectAllDrawable
com.brioal.cman.R$attr: int actionModeShareDrawable
com.brioal.cman.R$attr: int actionModeSplitBackground
com.brioal.cman.R$attr: int actionModeStyle
com.brioal.cman.R$attr: int actionModeWebSearchDrawable
com.brioal.cman.R$bool: int abc_action_bar_embed_tabs
com.brioal.cman.R$bool: int abc_allow_stacked_button_bar
com.brioal.cman.R$bool: int abc_config_actionMenuItemAllCaps
com.brioal.cman.R$bool: int abc_config_closeDialogWhenTouchOutside
com.brioal.cman.R$bool: int abc_config_showMenuShortcutsWhenKeyboardPresent
...
android.support.v7.widget.AppCompatSpinner: android.content.Context getPopupContext()
android.support.v7.widget.AppCompatSpinner: void setPopupBackgroundDrawable(android.graphics.drawable.Drawable)
android.support.v7.widget.AppCompatSpinner: void setPopupBackgroundResource(int)
android.support.v7.widget.AppCompatSpinner: android.graphics.drawable.Drawable getPopupBackground()
android.support.v7.widget.AppCompatSpinner: void setDropDownVerticalOffset(int)
android.support.v7.widget.AppCompatSpinner: int getDropDownVerticalOffset()
android.support.v7.widget.AppCompatSpinner: void setDropDownHorizontalOffset(int)
android.support.v7.widget.AppCompatSpinner: int getDropDownHorizontalOffset()
android.support.v7.widget.AppCompatSpinner: void setDropDownWidth(int)
android.support.v7.widget.AppCompatSpinner: int getDropDownWidth()
android.support.v7.widget.AppCompatSpinner: void setAdapter(android.widget.SpinnerAdapter)
android.support.v7.widget.AppCompatSpinner: void setPrompt(java.lang.CharSequence)
android.support.v7.widget.AppCompatSpinner: java.lang.CharSequence getPrompt()
android.support.v7.widget.AppCompatSpinner: void setBackgroundResource(int)
android.support.v7.widget.AppCompatSpinner: void setBackgroundDrawable(android.graphics.drawable.Drawable)
android.support.v7.widget.AppCompatSpinner: void setSupportBackgroundTintList(android.content.res.ColorStateList)
android.support.v7.widget.AppCompatSpinner: android.content.res.ColorStateList getSupportBackgroundTintList()
android.support.v7.widget.AppCompatTextView: AppCompatTextView(android.content.Context)
android.support.v7.widget.AppCompatTextView: AppCompatTextView(android.content.Context,android.util.AttributeSet)
android.support.v7.widget.AppCompatTextView: AppCompatTextView(android.content.Context,android.util.AttributeSet,int)
android.support.v7.widget.AppCompatTextView: void setBackgroundResource(int)
android.support.v7.widget.AppCompatTextView: void setBackgroundDrawable(android.graphics.drawable.Drawable)
android.support.v7.widget.AppCompatTextView: void setSupportBackgroundTintList(android.content.res.ColorStateList)
android.support.v7.widget.AppCompatTextView: android.content.res.ColorStateList getSupportBackgroundTintList()
android.support.v7.widget.AppCompatTextView: void setSupportBackgroundTintMode(android.graphics.PorterDuff$Mode)
android.support.v7.widget.AppCompatTextView: android.graphics.PorterDuff$Mode getSupportBackgroundTintMode()
android.support.v7.widget.ButtonBarLayout
android.support.v7.widget.ButtonBarLayout: ButtonBarLayout(android.content.Context,android.util.AttributeSet)
android.support.v7.widget.ButtonBarLayout: void setAllowStacking(boolean)
android.support.v7.widget.ButtonBarLayout: void setStacked(boolean)
android.support.v7.widget.ContentFrameLayout
android.support.v7.widget.ContentFrameLayout: ContentFrameLayout(android.content.Context)
android.support.v7.widget.ContentFrameLayout: ContentFrameLayout(android.content.Context,android.util.AttributeSet)
android.support.v7.widget.ContentFrameLayout: ContentFrameLayout(android.content.Context,android.util.AttributeSet,int)
android.support.v7.widget.ContentFrameLayout: void setAttachListener(android.support.v7.widget.ContentFrameLayout$OnAttachListener)
android.support.v7.widget.ContentFrameLayout: android.util.TypedValue getMinWidthMajor()
android.support.v7.widget.ContentFrameLayout: android.util.TypedValue getMinWidthMinor()
android.support.v7.widget.ContentFrameLayout: android.util.TypedValue getFixedWidthMajor()
android.support.v7.widget.ContentFrameLayout: android.util.TypedValue getFixedWidthMinor()
android.support.v7.widget.ContentFrameLayout: android.util.TypedValue getFixedHeightMajor()
android.support.v7.widget.ContentFrameLayout: android.util.TypedValue getFixedHeightMinor()