app/build/outputs/mapping/release/mapping.txt
com.brioal.cman.MainActivity -> com.brioal.cman.MainActivity:
    com.brioal.bottomtab.view.BottomLayout mBottomLayout -> mBottomLayout
    android.support.v4.app.FragmentManager mFragmentManager -> u
    android.support.v4.app.Fragment mCurrentFragment -> v
    long mLasClickTime -> w
    void <init>() -> <init>
    void initVar() -> j
    void initView(android.os.Bundle) -> a
    void checkLocationPermission() -> q
    void onRequestPermissionsResult(int,java.lang.String[],int[]) -> onRequestPermissionsResult
    void changeFragment(android.support.v4.app.Fragment) -> b
    void initContainer() -> r
    void initBottomLayout() -> s
    void initTheme() -> k
    void loadDataLocal() -> l
    void loadDataNet() -> m
    void setView() -> n
    void updateView() -> o
    void saveDataLocal() -> p
    void onBackPressed() -> onBackPressed
    android.app.Activity access$000(com.brioal.cman.MainActivity) -> a
com.brioal.cman.MainActivity$$ViewBinder -> com.brioal.cman.MainActivity$$ViewBinder:
    void <init>() -> <init>
    void bind(butterknife.ButterKnife$Finder,com.brioal.cman.MainActivity,java.lang.Object) -> bind
    void unbind(com.brioal.cman.MainActivity) -> unbind
    void unbind(java.lang.Object) -> unbind
    void bind(butterknife.ButterKnife$Finder,java.lang.Object,java.lang.Object) -> bind
com.brioal.cman.MainActivity$1 -> com.brioal.cman.MainActivity$1:
    com.brioal.cman.MainActivity this$0 -> a
    void <init>(com.brioal.cman.MainActivity) -> <init>
    void onSelected(int) -> a
com.brioal.cman.MainActivity$2 -> com.brioal.cman.MainActivity$2:
    com.brioal.cman.MainActivity this$0 -> a
    void <init>(com.brioal.cman.MainActivity) -> <init>
    void run() -> run
com.brioal.cman.Ui.DeviceDetailActivity -> com.brioal.cman.Ui.DeviceDetailActivity:
    android.widget.ImageButton mBtnBack -> mBtnBack
    android.widget.TextView mTvTitle -> mTvTitle
    android.widget.ImageButton mBtnSetting -> mBtnSetting
    android.widget.TextView mTvWendu -> mTvWendu
    android.widget.TextView mTvShidu -> mTvShidu
    android.widget.TextView mTvQiwei -> mTvQiwei
    android.widget.TextView mTvShuixiang -> mTvShuixiang
    android.widget.TextView mTvJiankang -> mTvJiankang
    com.brioal.drawableview.LoadingView mLoadview -> mLoadview
    com.brioal.drawableview.LoadingView mLoadviewDone -> mLoadviewDone
    com.brioal.drawableview.LoadingView mLoadviewFailed -> mLoadviewFailed
    android.widget.TextView mTvStatues -> mTvStatues
    android.widget.Button mBtnConnect -> mBtnConnect
    int mJiare -> u
    int mChushi -> v
    int mChuchou -> w
    int mClience -> x
    int mAuto -> y
    int mShuixiang -> z
    int mJiankang -> A
    int mWendu_min -> B
    int mWendu_max -> C
    int mShidu_min -> D
    int mShidu_max -> E
    int mQiwei_max -> F
    int mCurrentWendu -> G
    int mCurrentShidu -> H
    int mCurrentQiwei -> I
    int mCurrentVolume -> J
    com.brioal.cman.entity.DeviceEntity mEntity -> K
    com.brioal.cman.util.ApplicationUtil mUtil -> L
    boolean isRunning -> M
    boolean isSendFree -> N
    boolean isConnected -> O
    boolean isTimeSended -> P
    java.io.DataOutputStream out -> Q
    java.io.DataInputStream in -> R
com.brioal.cman.Ui.DeviceDetailActivity$$ViewBinder -> com.brioal.cman.Ui.DeviceDetailActivity$$ViewBinder:
    void <init>() -> <init>
    void bind(butterknife.ButterKnife$Finder,com.brioal.cman.Ui.DeviceDetailActivity,java.lang.Object) -> bind
    void unbind(com.brioal.cman.Ui.DeviceDetailActivity) -> unbind
    void unbind(java.lang.Object) -> unbind
    void bind(butterknife.ButterKnife$Finder,java.lang.Object,java.lang.Object) -> bind
com.brioal.cman.Ui.DeviceDetailActivity$1 -> com.brioal.cman.Ui.DeviceDetailActivity$1:
    com.brioal.cman.Ui.DeviceDetailActivity this$0 -> a
    void <init>(com.brioal.cman.Ui.DeviceDetailActivity) -> <init>
    void run() -> run
...
android.support.v4.widget.AutoScrollHelper$ScrollAnimationRunnable -> android.support.v4.widget.a$b:
    android.support.v4.widget.AutoScrollHelper this$0 -> a
    void <init>(android.support.v4.widget.AutoScrollHelper) -> <init>
    void run() -> run
android.support.v4.widget.CircleImageView -> android.support.v4.widget.b:
    android.view.animation.Animation$AnimationListener mListener -> b
    int mShadowRadius -> a
    void <init>(android.content.Context,int) -> <init>
    boolean elevationSupported() -> a
    void onMeasure(int,int) -> onMeasure
    void setAnimationListener(android.view.animation.Animation$AnimationListener) -> a
    void onAnimationStart() -> onAnimationStart
    void onAnimationEnd() -> onAnimationEnd
    void setBackgroundColor(int) -> setBackgroundColor
android.support.v4.widget.CircleImageView$OvalShadow -> android.support.v4.widget.b$a:
    android.graphics.RadialGradient mRadialGradient -> b
    android.graphics.Paint mShadowPaint -> c
    android.support.v4.widget.CircleImageView this$0 -> a
    void <init>(android.support.v4.widget.CircleImageView,int) -> <init>
    void onResize(float,float) -> onResize
    void draw(android.graphics.Canvas,android.graphics.Paint) -> draw
    void updateRadialGradient(int) -> a
android.support.v4.widget.CompoundButtonCompat -> android.support.v4.widget.c:
    android.support.v4.widget.CompoundButtonCompat$CompoundButtonCompatImpl IMPL -> a
    void setButtonTintList(android.widget.CompoundButton,android.content.res.ColorStateList) -> a
    void setButtonTintMode(android.widget.CompoundButton,android.graphics.PorterDuff$Mode) -> a
    android.graphics.drawable.Drawable getButtonDrawable(android.widget.CompoundButton) -> a
    void <clinit>() -> <clinit>
android.support.v4.widget.CompoundButtonCompat$Api23CompoundButtonImpl -> android.support.v4.widget.c$a:
    void <init>() -> <init>
    android.graphics.drawable.Drawable getButtonDrawable(android.widget.CompoundButton) -> a
android.support.v4.widget.CompoundButtonCompat$BaseCompoundButtonCompat -> android.support.v4.widget.c$b:
    void <init>() -> <init>
    void setButtonTintList(android.widget.CompoundButton,android.content.res.ColorStateList) -> a
    void setButtonTintMode(android.widget.CompoundButton,android.graphics.PorterDuff$Mode) -> a
    android.graphics.drawable.Drawable getButtonDrawable(android.widget.CompoundButton) -> a
android.support.v4.widget.CompoundButtonCompat$CompoundButtonCompatImpl -> android.support.v4.widget.c$c:
    void setButtonTintList(android.widget.CompoundButton,android.content.res.ColorStateList) -> a
    void setButtonTintMode(android.widget.CompoundButton,android.graphics.PorterDuff$Mode) -> a
    android.graphics.drawable.Drawable getButtonDrawable(android.widget.CompoundButton) -> a
android.support.v4.widget.CompoundButtonCompat$LollipopCompoundButtonImpl -> android.support.v4.widget.c$d:
    void <init>() -> <init>
    void setButtonTintList(android.widget.CompoundButton,android.content.res.ColorStateList) -> a
    void setButtonTintMode(android.widget.CompoundButton,android.graphics.PorterDuff$Mode) -> a
android.support.v4.widget.CompoundButtonCompatApi23 -> android.support.v4.widget.d:
    android.graphics.drawable.Drawable getButtonDrawable(android.widget.CompoundButton) -> a
android.support.v4.widget.CompoundButtonCompatGingerbread -> android.support.v4.widget.e:
    java.lang.reflect.Field sButtonDrawableField -> a
    boolean sButtonDrawableFieldFetched -> b
    void setButtonTintList(android.widget.CompoundButton,android.content.res.ColorStateList) -> a
    void setButtonTintMode(android.widget.CompoundButton,android.graphics.PorterDuff$Mode) -> a
    android.graphics.drawable.Drawable getButtonDrawable(android.widget.CompoundButton) -> a