app/build/outputs/mapping/release/usage.txt
com.brioal.cman.BuildConfig
com.brioal.cman.MainActivity:
    private static final int PERMISSIONS_REQUEST_LOCATION
com.brioal.cman.R
com.brioal.cman.R$anim
com.brioal.cman.R$attr
com.brioal.cman.R$bool
com.brioal.cman.R$color
com.brioal.cman.R$dimen
com.brioal.cman.R$drawable
com.brioal.cman.R$id
com.brioal.cman.R$integer
com.brioal.cman.R$layout
com.brioal.cman.R$mipmap
com.brioal.cman.R$string
com.brioal.cman.R$style
com.brioal.cman.R$styleable
com.brioal.cman.Ui.DeviceDetailActivity:
    android.view.View mViewConnecting
    android.view.View mViewDisConnecting
    android.view.View mViewConnectFailed
    private com.brioal.cman.interfaces.OnDeviceStatusChangedListener mStatuesChangeListener
    private java.util.Timer mTimer
    private android.widget.Toast mToast
    473:479:public void showToast(java.lang.String)
com.brioal.cman.Ui.viewholder.AbstractViewHolder:
    public abstract void bindView(com.brioal.cman.entity.DeviceEntity,int)
com.brioal.cman.bean.SocketMessage:
    public static final int TYPE_FREE
    public static final int TYPE_SETTING
    17:17:public boolean isFree()
com.brioal.cman.entity.DeviceEntity:
    63:64:public void setSSID(java.lang.String)
    71:72:public void setMac(java.lang.String)
    84:85:public void setTime(long)
com.brioal.cman.fragment.ChangePassFragment:
    82:83:public void setDismissListener(com.brioal.cman.interfaces.OnDialogDismissListener)
    86:104:private void send(java.lang.String)
com.brioal.cman.fragment.EnvirSettingFragment:
    139:158:public void send(java.lang.String)
    162:170:public void showConnectFailed()
    42:42:static synthetic com.brioal.cman.util.ApplicationUtil access$000(com.brioal.cman.fragment.EnvirSettingFragment)
com.brioal.cman.fragment.EnvirSettingFragment$1
com.brioal.cman.fragment.FuncationChooseDialog:
    102:138:public void send(java.lang.String)
    142:150:public void showConnectFailed()
    41:41:static synthetic boolean access$002(com.brioal.cman.fragment.FuncationChooseDialog,boolean)
com.brioal.cman.fragment.FuncationChooseDialog$1
com.brioal.cman.fragment.FuncationChooseDialog$2
com.brioal.cman.fragment.FuncationChooseDialog$3
com.brioal.cman.fragment.SettingDialogFragment:
    private static com.brioal.cman.fragment.SettingDialogFragment sFragment
    109:114:public static com.brioal.cman.fragment.SettingDialogFragment getInstance(com.brioal.cman.entity.DeviceEntity,java.lang.String)
com.brioal.cman.fragment.VolumeDialogFragment:
    155:190:public void sendMsg(java.lang.String)
    194:202:public void showConnectFailed()
    41:41:static synthetic boolean access$202(com.brioal.cman.fragment.VolumeDialogFragment,boolean)
com.brioal.cman.fragment.VolumeDialogFragment$4
com.brioal.cman.fragment.VolumeDialogFragment$5
com.brioal.cman.fragment.VolumeDialogFragment$6
com.brioal.cman.interfaces.OnDeviceDeleteListener
com.brioal.cman.interfaces.OnDeviceOperatorListener
com.brioal.cman.interfaces.OnMessageSenListener
com.brioal.cman.interfaces.OnReceiveListener
com.brioal.cman.interfaces.OnStatuesChangeListener
com.brioal.cman.interfaces.OnStatuesReceivedListener
com.brioal.cman.interfaces.OnWifiConnectedListener
com.brioal.cman.util.ApplicationUtil:
    private java.util.Timer mTimer
    210:210:public java.net.Socket getSocket()
    214:215:public void setSocket(java.net.Socket)
    222:223:public void setOut(java.io.DataOutputStream)
    230:231:public void setIn(java.io.DataInputStream)
com.brioal.cman.util.DensityUtil
com.brioal.cman.util.MessageDealUtil:
    13:13:public MessageDealUtil()
com.brioal.cman.util.SocketThread
com.brioal.cman.util.SocketThread$ReceiveThread
com.brioal.cman.view.ErrorRenderer
com.brioal.cman.view.exceptions.SizeNotDeterminedException
com.brioal.cman.view.listener.OnAnimatorChangeListener
com.brioal.cman.view.view.CenterDot
com.brioal.cman.view.view.Dot
com.brioal.cman.view.view.MovingDotView
com.brioal.cman.view.view.MovingDotView$1
...
rx.internal.util.RxRingBuffer$1
rx.internal.util.RxRingBuffer$2
rx.internal.util.RxThreadFactory
rx.internal.util.RxThreadFactory$1
rx.internal.util.ScalarSynchronousObservable
rx.internal.util.ScalarSynchronousObservable$1
rx.internal.util.ScalarSynchronousObservable$2
rx.internal.util.ScalarSynchronousObservable$2$1
rx.internal.util.ScalarSynchronousObservable$3
rx.internal.util.ScalarSynchronousObservable$JustOnSubscribe
rx.internal.util.ScalarSynchronousObservable$ScalarAsyncOnSubscribe
rx.internal.util.ScalarSynchronousObservable$ScalarAsyncProducer
rx.internal.util.ScalarSynchronousObservable$WeakSingleProducer
rx.internal.util.ScalarSynchronousSingle
rx.internal.util.ScalarSynchronousSingle$1
rx.internal.util.ScalarSynchronousSingle$2
rx.internal.util.ScalarSynchronousSingle$2$1
rx.internal.util.ScalarSynchronousSingle$DirectScheduledEmission
rx.internal.util.ScalarSynchronousSingle$NormalScheduledEmission
rx.internal.util.ScalarSynchronousSingle$ScalarSynchronousSingleAction
rx.internal.util.SubscriptionList
rx.internal.util.SynchronizedQueue
rx.internal.util.SynchronizedSubscription
rx.internal.util.UtilityFunctions
rx.internal.util.UtilityFunctions$1
rx.internal.util.UtilityFunctions$AlwaysFalse
rx.internal.util.UtilityFunctions$AlwaysTrue
rx.internal.util.UtilityFunctions$NullFunction
rx.internal.util.atomic.AtomicReferenceArrayQueue
rx.internal.util.atomic.BaseLinkedAtomicQueue
rx.internal.util.atomic.LinkedQueueNode
rx.internal.util.atomic.MpscLinkedAtomicQueue
rx.internal.util.atomic.SpscAtomicArrayQueue
rx.internal.util.atomic.SpscExactAtomicArrayQueue
rx.internal.util.atomic.SpscLinkedArrayQueue
rx.internal.util.atomic.SpscLinkedAtomicQueue
rx.internal.util.atomic.SpscUnboundedAtomicArrayQueue
rx.internal.util.unsafe.BaseLinkedQueue
rx.internal.util.unsafe.BaseLinkedQueueConsumerNodeRef
rx.internal.util.unsafe.BaseLinkedQueuePad0
rx.internal.util.unsafe.BaseLinkedQueuePad1
rx.internal.util.unsafe.BaseLinkedQueueProducerNodeRef
rx.internal.util.unsafe.ConcurrentCircularArrayQueue
rx.internal.util.unsafe.ConcurrentCircularArrayQueueL0Pad
rx.internal.util.unsafe.ConcurrentSequencedCircularArrayQueue
rx.internal.util.unsafe.MessagePassingQueue
rx.internal.util.unsafe.MpmcArrayQueue
rx.internal.util.unsafe.MpmcArrayQueueConsumerField
rx.internal.util.unsafe.MpmcArrayQueueL1Pad
rx.internal.util.unsafe.MpmcArrayQueueL2Pad
rx.internal.util.unsafe.MpmcArrayQueueProducerField
rx.internal.util.unsafe.MpscLinkedQueue
rx.internal.util.unsafe.Pow2
rx.internal.util.unsafe.QueueProgressIndicators
rx.internal.util.unsafe.SpmcArrayQueue
rx.internal.util.unsafe.SpmcArrayQueueConsumerField
rx.internal.util.unsafe.SpmcArrayQueueL1Pad
rx.internal.util.unsafe.SpmcArrayQueueL2Pad
rx.internal.util.unsafe.SpmcArrayQueueL3Pad
rx.internal.util.unsafe.SpmcArrayQueueMidPad
rx.internal.util.unsafe.SpmcArrayQueueProducerField
rx.internal.util.unsafe.SpmcArrayQueueProducerIndexCacheField
rx.internal.util.unsafe.SpscArrayQueue
rx.internal.util.unsafe.SpscArrayQueueColdField
rx.internal.util.unsafe.SpscArrayQueueConsumerField
rx.internal.util.unsafe.SpscArrayQueueL1Pad
rx.internal.util.unsafe.SpscArrayQueueL2Pad
rx.internal.util.unsafe.SpscArrayQueueL3Pad
rx.internal.util.unsafe.SpscArrayQueueProducerFields
rx.internal.util.unsafe.SpscLinkedQueue
rx.internal.util.unsafe.SpscUnboundedArrayQueue
rx.internal.util.unsafe.SpscUnboundedArrayQueueConsumerColdField
rx.internal.util.unsafe.SpscUnboundedArrayQueueConsumerField
rx.internal.util.unsafe.SpscUnboundedArrayQueueL2Pad
rx.internal.util.unsafe.SpscUnboundedArrayQueueProducerColdFields
rx.internal.util.unsafe.SpscUnboundedArrayQueueProducerFields
rx.internal.util.unsafe.UnsafeAccess
rx.observables.AsyncOnSubscribe
rx.observables.AsyncOnSubscribe$1
rx.observables.AsyncOnSubscribe$2
rx.observables.AsyncOnSubscribe$3
rx.observables.AsyncOnSubscribe$4
rx.observables.AsyncOnSubscribe$5
rx.observables.AsyncOnSubscribe$6
rx.observables.AsyncOnSubscribe$7